<?xml version="1.0" encoding="UTF-8"?>
<coverage generated="1762821888210" clover="3.2.0">
  <project timestamp="1762821888210" name="All files">
    <metrics statements="102" coveredstatements="98" conditionals="31" coveredconditionals="29" methods="19" coveredmethods="19" elements="152" coveredelements="146" complexity="0" loc="102" ncloc="102" packages="2" files="4" classes="4"/>
    <package name="components">
      <metrics statements="55" coveredstatements="51" conditionals="16" coveredconditionals="14" methods="11" coveredmethods="11"/>
      <file name="ExerciseCard.jsx" path="/home/runner/work/ANRLunchnLearnNov2025/ANRLunchnLearnNov2025/src/components/ExerciseCard.jsx">
        <metrics statements="1" coveredstatements="1" conditionals="0" coveredconditionals="0" methods="1" coveredmethods="1"/>
        <line num="6" count="2" type="stmt"/>
      </file>
      <file name="Exercises.jsx" path="/home/runner/work/ANRLunchnLearnNov2025/ANRLunchnLearnNov2025/src/components/Exercises.jsx">
        <metrics statements="2" coveredstatements="2" conditionals="8" coveredconditionals="8" methods="1" coveredmethods="1"/>
        <line num="5" count="1" type="stmt"/>
        <line num="6" count="9" type="cond" truecount="4" falsecount="0"/>
      </file>
      <file name="SearchExercises.jsx" path="/home/runner/work/ANRLunchnLearnNov2025/ANRLunchnLearnNov2025/src/components/SearchExercises.jsx">
        <metrics statements="52" coveredstatements="48" conditionals="8" coveredconditionals="6" methods="9" coveredmethods="9"/>
        <line num="5" count="1" type="stmt"/>
        <line num="6" count="49" type="stmt"/>
        <line num="7" count="49" type="stmt"/>
        <line num="8" count="49" type="stmt"/>
        <line num="9" count="49" type="stmt"/>
        <line num="10" count="49" type="stmt"/>
        <line num="12" count="49" type="stmt"/>
        <line num="15" count="49" type="stmt"/>
        <line num="16" count="12" type="stmt"/>
        <line num="17" count="12" type="stmt"/>
        <line num="18" count="12" type="stmt"/>
        <line num="19" count="12" type="stmt"/>
        <line num="20" count="12" type="stmt"/>
        <line num="21" count="11" type="stmt"/>
        <line num="22" count="11" type="stmt"/>
        <line num="24" count="1" type="stmt"/>
        <line num="25" count="1" type="stmt"/>
        <line num="27" count="12" type="stmt"/>
        <line num="31" count="12" type="stmt"/>
        <line num="35" count="49" type="stmt"/>
        <line num="36" count="10" type="stmt"/>
        <line num="37" count="10" type="stmt"/>
        <line num="40" count="10" type="cond" truecount="2" falsecount="0"/>
        <line num="41" count="6" type="stmt"/>
        <line num="45" count="10" type="stmt"/>
        <line num="46" count="4" type="cond" truecount="1" falsecount="1"/>
        <line num="47" count="4" type="stmt"/>
        <line num="48" count="4" type="stmt"/>
        <line num="49" count="4" type="stmt"/>
        <line num="51" count="0" type="stmt"/>
        <line num="52" count="0" type="stmt"/>
        <line num="56" count="10" type="stmt"/>
        <line num="60" count="49" type="stmt"/>
        <line num="61" count="2" type="cond" truecount="1" falsecount="1"/>
        <line num="62" count="2" type="stmt"/>
        <line num="63" count="2" type="stmt"/>
        <line num="64" count="2" type="stmt"/>
        <line num="69" count="49" type="stmt"/>
        <line num="70" count="3" type="stmt"/>
        <line num="71" count="3" type="stmt"/>
        <line num="72" count="3" type="stmt"/>
        <line num="73" count="3" type="stmt"/>
        <line num="75" count="3" type="stmt"/>
        <line num="76" count="3" type="stmt"/>
        <line num="77" count="3" type="stmt"/>
        <line num="79" count="0" type="stmt"/>
        <line num="80" count="0" type="stmt"/>
        <line num="82" count="3" type="stmt"/>
        <line num="87" count="49" type="stmt"/>
        <line num="88" count="9" type="cond" truecount="2" falsecount="0"/>
        <line num="89" count="1" type="stmt"/>
        <line num="179" count="3" type="stmt"/>
      </file>
    </package>
    <package name="utils">
      <metrics statements="47" coveredstatements="47" conditionals="15" coveredconditionals="15" methods="8" coveredmethods="8"/>
      <file name="exerciseApi.js" path="/home/runner/work/ANRLunchnLearnNov2025/ANRLunchnLearnNov2025/src/utils/exerciseApi.js">
        <metrics statements="47" coveredstatements="47" conditionals="15" coveredconditionals="15" methods="8" coveredmethods="8"/>
        <line num="6" count="1" type="stmt"/>
        <line num="7" count="1" type="stmt"/>
        <line num="14" count="1" type="stmt"/>
        <line num="15" count="12" type="stmt"/>
        <line num="23" count="12" type="stmt"/>
        <line num="24" count="12" type="stmt"/>
        <line num="26" count="7" type="cond" truecount="2" falsecount="0"/>
        <line num="27" count="1" type="stmt"/>
        <line num="30" count="6" type="stmt"/>
        <line num="31" count="6" type="stmt"/>
        <line num="33" count="6" type="stmt"/>
        <line num="34" count="6" type="stmt"/>
        <line num="43" count="1" type="cond" truecount="1" falsecount="0"/>
        <line num="44" count="4" type="stmt"/>
        <line num="45" count="4" type="stmt"/>
        <line num="46" count="2" type="stmt"/>
        <line num="48" count="2" type="stmt"/>
        <line num="49" count="2" type="stmt"/>
        <line num="58" count="1" type="stmt"/>
        <line num="59" count="2" type="stmt"/>
        <line num="60" count="2" type="stmt"/>
        <line num="61" count="1" type="stmt"/>
        <line num="63" count="1" type="stmt"/>
        <line num="64" count="1" type="stmt"/>
        <line num="73" count="1" type="stmt"/>
        <line num="74" count="2" type="stmt"/>
        <line num="75" count="2" type="stmt"/>
        <line num="76" count="1" type="stmt"/>
        <line num="78" count="1" type="stmt"/>
        <line num="79" count="1" type="stmt"/>
        <line num="88" count="1" type="stmt"/>
        <line num="89" count="2" type="stmt"/>
        <line num="90" count="2" type="stmt"/>
        <line num="91" count="1" type="stmt"/>
        <line num="93" count="1" type="stmt"/>
        <line num="94" count="1" type="stmt"/>
        <line num="104" count="1" type="stmt"/>
        <line num="105" count="9" type="cond" truecount="6" falsecount="0"/>
        <line num="107" count="6" type="stmt"/>
        <line num="109" count="6" type="stmt"/>
        <line num="111" count="24" type="cond" truecount="4" falsecount="0"/>
        <line num="122" count="1" type="stmt"/>
        <line num="123" count="2" type="stmt"/>
        <line num="124" count="2" type="stmt"/>
        <line num="125" count="1" type="stmt"/>
        <line num="127" count="1" type="stmt"/>
        <line num="129" count="1" type="stmt"/>
      </file>
    </package>
  </project>
</coverage>
