{"/home/runner/work/ANRLunchnLearnNov2025/ANRLunchnLearnNov2025/src/components/ExerciseCard.jsx": {"path":"/home/runner/work/ANRLunchnLearnNov2025/ANRLunchnLearnNov2025/src/components/ExerciseCard.jsx","statementMap":{"0":{"start":{"line":6,"column":21},"end":{"line":110,"column":null}}},"fnMap":{"0":{"name":"(anonymous_0)","decl":{"start":{"line":6,"column":21},"end":{"line":6,"column":22}},"loc":{"start":{"line":6,"column":34},"end":{"line":110,"column":null}},"line":6}},"branchMap":{},"s":{"0":2},"f":{"0":20},"b":{},"meta":{"lastBranch":0,"lastFunction":1,"lastStatement":1,"seen":{"s:6:21:110:Infinity":0,"f:6:21:6:22":0}}}
,"/home/runner/work/ANRLunchnLearnNov2025/ANRLunchnLearnNov2025/src/components/Exercises.jsx": {"path":"/home/runner/work/ANRLunchnLearnNov2025/ANRLunchnLearnNov2025/src/components/Exercises.jsx","statementMap":{"0":{"start":{"line":5,"column":18},"end":{"line":56,"column":null}},"1":{"start":{"line":6,"column":2},"end":{"line":18,"column":null}}},"fnMap":{"0":{"name":"(anonymous_0)","decl":{"start":{"line":5,"column":18},"end":{"line":5,"column":19}},"loc":{"start":{"line":5,"column":42},"end":{"line":56,"column":null}},"line":5}},"branchMap":{"0":{"loc":{"start":{"line":6,"column":2},"end":{"line":18,"column":null}},"type":"if","locations":[{"start":{"line":6,"column":2},"end":{"line":18,"column":null}},{"start":{},"end":{}}],"line":6},"1":{"loc":{"start":{"line":6,"column":6},"end":{"line":6,"column":44}},"type":"binary-expr","locations":[{"start":{"line":6,"column":6},"end":{"line":6,"column":20}},{"start":{"line":6,"column":20},"end":{"line":6,"column":44}}],"line":6},"2":{"loc":{"start":{"line":28,"column":11},"end":{"line":28,"column":null}},"type":"cond-expr","locations":[{"start":{"line":28,"column":22},"end":{"line":28,"column":45}},{"start":{"line":28,"column":48},"end":{"line":28,"column":null}}],"line":28},"3":{"loc":{"start":{"line":37,"column":39},"end":{"line":37,"column":73}},"type":"cond-expr","locations":[{"start":{"line":37,"column":64},"end":{"line":37,"column":70}},{"start":{"line":37,"column":70},"end":{"line":37,"column":73}}],"line":37}},"s":{"0":1,"1":9},"f":{"0":9},"b":{"0":[2,7],"1":[9,8],"2":[1,6],"3":[6,1]},"meta":{"lastBranch":4,"lastFunction":1,"lastStatement":2,"seen":{"s:5:18:56:Infinity":0,"f:5:18:5:19":0,"b:6:2:18:Infinity:undefined:undefined:undefined:undefined":0,"s:6:2:18:Infinity":1,"b:6:6:6:20:6:20:6:44":1,"b:28:22:28:45:28:48:28:Infinity":2,"b:37:64:37:70:37:70:37:73":3}}}
,"/home/runner/work/ANRLunchnLearnNov2025/ANRLunchnLearnNov2025/src/components/SearchExercises.jsx": {"path":"/home/runner/work/ANRLunchnLearnNov2025/ANRLunchnLearnNov2025/src/components/SearchExercises.jsx","statementMap":{"0":{"start":{"line":5,"column":24},"end":{"line":214,"column":null}},"1":{"start":{"line":6,"column":27},"end":{"line":6,"column":null}},"2":{"start":{"line":7,"column":39},"end":{"line":7,"column":null}},"3":{"start":{"line":8,"column":29},"end":{"line":8,"column":null}},"4":{"start":{"line":9,"column":25},"end":{"line":9,"column":null}},"5":{"start":{"line":10,"column":41},"end":{"line":10,"column":null}},"6":{"start":{"line":12,"column":20},"end":{"line":12,"column":null}},"7":{"start":{"line":15,"column":2},"end":{"line":32,"column":null}},"8":{"start":{"line":16,"column":26},"end":{"line":29,"column":null}},"9":{"start":{"line":17,"column":6},"end":{"line":17,"column":null}},"10":{"start":{"line":18,"column":6},"end":{"line":18,"column":null}},"11":{"start":{"line":19,"column":6},"end":{"line":28,"column":null}},"12":{"start":{"line":20,"column":30},"end":{"line":20,"column":null}},"13":{"start":{"line":21,"column":8},"end":{"line":21,"column":null}},"14":{"start":{"line":22,"column":8},"end":{"line":22,"column":49}},"15":{"start":{"line":24,"column":8},"end":{"line":24,"column":null}},"16":{"start":{"line":25,"column":8},"end":{"line":25,"column":null}},"17":{"start":{"line":27,"column":8},"end":{"line":27,"column":null}},"18":{"start":{"line":31,"column":4},"end":{"line":31,"column":null}},"19":{"start":{"line":35,"column":29},"end":{"line":57,"column":null}},"20":{"start":{"line":36,"column":18},"end":{"line":36,"column":32}},"21":{"start":{"line":37,"column":4},"end":{"line":37,"column":null}},"22":{"start":{"line":40,"column":4},"end":{"line":42,"column":null}},"23":{"start":{"line":41,"column":6},"end":{"line":41,"column":null}},"24":{"start":{"line":45,"column":20},"end":{"line":54,"column":13}},"25":{"start":{"line":46,"column":6},"end":{"line":53,"column":null}},"26":{"start":{"line":47,"column":14},"end":{"line":47,"column":null}},"27":{"start":{"line":48,"column":8},"end":{"line":48,"column":null}},"28":{"start":{"line":49,"column":8},"end":{"line":49,"column":null}},"29":{"start":{"line":51,"column":8},"end":{"line":51,"column":null}},"30":{"start":{"line":52,"column":8},"end":{"line":52,"column":null}},"31":{"start":{"line":56,"column":4},"end":{"line":56,"column":null}},"32":{"start":{"line":60,"column":23},"end":{"line":66,"column":null}},"33":{"start":{"line":61,"column":4},"end":{"line":65,"column":null}},"34":{"start":{"line":62,"column":12},"end":{"line":62,"column":null}},"35":{"start":{"line":63,"column":6},"end":{"line":63,"column":null}},"36":{"start":{"line":64,"column":6},"end":{"line":64,"column":null}},"37":{"start":{"line":69,"column":8},"end":{"line":84,"column":null}},"38":{"start":{"line":70,"column":4},"end":{"line":70,"column":null}},"39":{"start":{"line":71,"column":4},"end":{"line":71,"column":null}},"40":{"start":{"line":72,"column":4},"end":{"line":72,"column":null}},"41":{"start":{"line":73,"column":4},"end":{"line":73,"column":null}},"42":{"start":{"line":75,"column":4},"end":{"line":83,"column":null}},"43":{"start":{"line":76,"column":28},"end":{"line":76,"column":null}},"44":{"start":{"line":77,"column":6},"end":{"line":77,"column":null}},"45":{"start":{"line":79,"column":6},"end":{"line":79,"column":null}},"46":{"start":{"line":80,"column":6},"end":{"line":80,"column":null}},"47":{"start":{"line":82,"column":6},"end":{"line":82,"column":null}},"48":{"start":{"line":87,"column":25},"end":{"line":91,"column":null}},"49":{"start":{"line":88,"column":4},"end":{"line":90,"column":null}},"50":{"start":{"line":89,"column":6},"end":{"line":89,"column":null}},"51":{"start":{"line":179,"column":29},"end":{"line":179,"column":null}}},"fnMap":{"0":{"name":"(anonymous_0)","decl":{"start":{"line":5,"column":24},"end":{"line":5,"column":25}},"loc":{"start":{"line":5,"column":54},"end":{"line":214,"column":null}},"line":5},"1":{"name":"(anonymous_1)","decl":{"start":{"line":15,"column":12},"end":{"line":15,"column":null}},"loc":{"start":{"line":15,"column":12},"end":{"line":32,"column":5}},"line":15},"2":{"name":"(anonymous_2)","decl":{"start":{"line":16,"column":26},"end":{"line":16,"column":null}},"loc":{"start":{"line":16,"column":26},"end":{"line":29,"column":null}},"line":16},"3":{"name":"(anonymous_3)","decl":{"start":{"line":35,"column":29},"end":{"line":35,"column":30}},"loc":{"start":{"line":35,"column":30},"end":{"line":57,"column":null}},"line":35},"4":{"name":"(anonymous_4)","decl":{"start":{"line":45,"column":31},"end":{"line":45,"column":null}},"loc":{"start":{"line":45,"column":31},"end":{"line":54,"column":7}},"line":45},"5":{"name":"(anonymous_5)","decl":{"start":{"line":60,"column":23},"end":{"line":60,"column":null}},"loc":{"start":{"line":60,"column":23},"end":{"line":66,"column":null}},"line":60},"6":{"name":"(anonymous_6)","decl":{"start":{"line":69,"column":42},"end":{"line":69,"column":49}},"loc":{"start":{"line":69,"column":49},"end":{"line":84,"column":5}},"line":69},"7":{"name":"(anonymous_7)","decl":{"start":{"line":87,"column":25},"end":{"line":87,"column":26}},"loc":{"start":{"line":87,"column":26},"end":{"line":91,"column":null}},"line":87},"8":{"name":"(anonymous_8)","decl":{"start":{"line":179,"column":23},"end":{"line":179,"column":29}},"loc":{"start":{"line":179,"column":29},"end":{"line":179,"column":null}},"line":179}},"branchMap":{"0":{"loc":{"start":{"line":40,"column":4},"end":{"line":42,"column":null}},"type":"if","locations":[{"start":{"line":40,"column":4},"end":{"line":42,"column":null}},{"start":{},"end":{}}],"line":40},"1":{"loc":{"start":{"line":46,"column":6},"end":{"line":53,"column":null}},"type":"if","locations":[{"start":{"line":46,"column":6},"end":{"line":53,"column":null}},{"start":{"line":50,"column":13},"end":{"line":53,"column":null}}],"line":46},"2":{"loc":{"start":{"line":61,"column":4},"end":{"line":65,"column":null}},"type":"if","locations":[{"start":{"line":61,"column":4},"end":{"line":65,"column":null}},{"start":{},"end":{}}],"line":61},"3":{"loc":{"start":{"line":88,"column":4},"end":{"line":90,"column":null}},"type":"if","locations":[{"start":{"line":88,"column":4},"end":{"line":90,"column":null}},{"start":{},"end":{}}],"line":88}},"s":{"0":1,"1":49,"2":49,"3":49,"4":49,"5":49,"6":49,"7":49,"8":12,"9":12,"10":12,"11":12,"12":12,"13":11,"14":11,"15":1,"16":1,"17":12,"18":12,"19":49,"20":10,"21":10,"22":10,"23":6,"24":10,"25":4,"26":4,"27":4,"28":4,"29":0,"30":0,"31":10,"32":49,"33":2,"34":2,"35":2,"36":2,"37":49,"38":3,"39":3,"40":3,"41":3,"42":3,"43":3,"44":3,"45":0,"46":0,"47":3,"48":49,"49":9,"50":1,"51":3},"f":{"0":49,"1":12,"2":12,"3":10,"4":4,"5":2,"6":3,"7":9,"8":3},"b":{"0":[6,4],"1":[4,0],"2":[2,0],"3":[1,8]},"meta":{"lastBranch":4,"lastFunction":9,"lastStatement":52,"seen":{"s:5:24:214:Infinity":0,"f:5:24:5:25":0,"s:6:27:6:Infinity":1,"s:7:39:7:Infinity":2,"s:8:29:8:Infinity":3,"s:9:25:9:Infinity":4,"s:10:41:10:Infinity":5,"s:12:20:12:Infinity":6,"s:15:2:32:Infinity":7,"f:15:12:15:Infinity":1,"s:16:26:29:Infinity":8,"f:16:26:16:Infinity":2,"s:17:6:17:Infinity":9,"s:18:6:18:Infinity":10,"s:19:6:28:Infinity":11,"s:20:30:20:Infinity":12,"s:21:8:21:Infinity":13,"s:22:8:22:49":14,"s:24:8:24:Infinity":15,"s:25:8:25:Infinity":16,"s:27:8:27:Infinity":17,"s:31:4:31:Infinity":18,"s:35:29:57:Infinity":19,"f:35:29:35:30":3,"s:36:18:36:32":20,"s:37:4:37:Infinity":21,"b:40:4:42:Infinity:undefined:undefined:undefined:undefined":0,"s:40:4:42:Infinity":22,"s:41:6:41:Infinity":23,"s:45:20:54:13":24,"f:45:31:45:Infinity":4,"b:46:6:53:Infinity:50:13:53:Infinity":1,"s:46:6:53:Infinity":25,"s:47:14:47:Infinity":26,"s:48:8:48:Infinity":27,"s:49:8:49:Infinity":28,"s:51:8:51:Infinity":29,"s:52:8:52:Infinity":30,"s:56:4:56:Infinity":31,"s:60:23:66:Infinity":32,"f:60:23:60:Infinity":5,"b:61:4:65:Infinity:undefined:undefined:undefined:undefined":2,"s:61:4:65:Infinity":33,"s:62:12:62:Infinity":34,"s:63:6:63:Infinity":35,"s:64:6:64:Infinity":36,"s:69:8:84:Infinity":37,"f:69:42:69:49":6,"s:70:4:70:Infinity":38,"s:71:4:71:Infinity":39,"s:72:4:72:Infinity":40,"s:73:4:73:Infinity":41,"s:75:4:83:Infinity":42,"s:76:28:76:Infinity":43,"s:77:6:77:Infinity":44,"s:79:6:79:Infinity":45,"s:80:6:80:Infinity":46,"s:82:6:82:Infinity":47,"s:87:25:91:Infinity":48,"f:87:25:87:26":7,"b:88:4:90:Infinity:undefined:undefined:undefined:undefined":3,"s:88:4:90:Infinity":49,"s:89:6:89:Infinity":50,"f:179:23:179:29":8,"s:179:29:179:Infinity":51}}}
,"/home/runner/work/ANRLunchnLearnNov2025/ANRLunchnLearnNov2025/src/utils/exerciseApi.js": {"path":"/home/runner/work/ANRLunchnLearnNov2025/ANRLunchnLearnNov2025/src/utils/exerciseApi.js","statementMap":{"0":{"start":{"line":6,"column":24},"end":{"line":6,"column":59}},"1":{"start":{"line":7,"column":16},"end":{"line":7,"column":49}},"2":{"start":{"line":14,"column":21},"end":{"line":36,"column":1}},"3":{"start":{"line":15,"column":18},"end":{"line":21,"column":3}},"4":{"start":{"line":23,"column":2},"end":{"line":35,"column":null}},"5":{"start":{"line":24,"column":21},"end":{"line":24,"column":74}},"6":{"start":{"line":26,"column":4},"end":{"line":28,"column":null}},"7":{"start":{"line":27,"column":6},"end":{"line":27,"column":null}},"8":{"start":{"line":30,"column":17},"end":{"line":30,"column":38}},"9":{"start":{"line":31,"column":4},"end":{"line":31,"column":null}},"10":{"start":{"line":33,"column":4},"end":{"line":33,"column":null}},"11":{"start":{"line":34,"column":4},"end":{"line":34,"column":null}},"12":{"start":{"line":43,"column":30},"end":{"line":51,"column":1}},"13":{"start":{"line":44,"column":2},"end":{"line":50,"column":null}},"14":{"start":{"line":45,"column":17},"end":{"line":45,"column":64}},"15":{"start":{"line":46,"column":4},"end":{"line":46,"column":null}},"16":{"start":{"line":48,"column":4},"end":{"line":48,"column":null}},"17":{"start":{"line":49,"column":4},"end":{"line":49,"column":null}},"18":{"start":{"line":58,"column":40},"end":{"line":66,"column":1}},"19":{"start":{"line":59,"column":2},"end":{"line":65,"column":null}},"20":{"start":{"line":60,"column":17},"end":{"line":60,"column":70}},"21":{"start":{"line":61,"column":4},"end":{"line":61,"column":null}},"22":{"start":{"line":63,"column":4},"end":{"line":63,"column":null}},"23":{"start":{"line":64,"column":4},"end":{"line":64,"column":null}},"24":{"start":{"line":73,"column":38},"end":{"line":81,"column":1}},"25":{"start":{"line":74,"column":2},"end":{"line":80,"column":null}},"26":{"start":{"line":75,"column":17},"end":{"line":75,"column":66}},"27":{"start":{"line":76,"column":4},"end":{"line":76,"column":null}},"28":{"start":{"line":78,"column":4},"end":{"line":78,"column":null}},"29":{"start":{"line":79,"column":4},"end":{"line":79,"column":null}},"30":{"start":{"line":88,"column":41},"end":{"line":96,"column":1}},"31":{"start":{"line":89,"column":2},"end":{"line":95,"column":null}},"32":{"start":{"line":90,"column":17},"end":{"line":90,"column":72}},"33":{"start":{"line":91,"column":4},"end":{"line":91,"column":null}},"34":{"start":{"line":93,"column":4},"end":{"line":93,"column":null}},"35":{"start":{"line":94,"column":4},"end":{"line":94,"column":null}},"36":{"start":{"line":104,"column":31},"end":{"line":116,"column":1}},"37":{"start":{"line":105,"column":2},"end":{"line":105,"column":null}},"38":{"start":{"line":105,"column":36},"end":{"line":105,"column":null}},"39":{"start":{"line":107,"column":26},"end":{"line":107,"column":50}},"40":{"start":{"line":109,"column":2},"end":{"line":115,"column":null}},"41":{"start":{"line":111,"column":6},"end":{"line":114,"column":null}},"42":{"start":{"line":122,"column":33},"end":{"line":131,"column":1}},"43":{"start":{"line":123,"column":2},"end":{"line":130,"column":null}},"44":{"start":{"line":124,"column":17},"end":{"line":124,"column":62}},"45":{"start":{"line":125,"column":4},"end":{"line":125,"column":null}},"46":{"start":{"line":127,"column":4},"end":{"line":127,"column":null}},"47":{"start":{"line":129,"column":4},"end":{"line":129,"column":null}}},"fnMap":{"0":{"name":"(anonymous_0)","decl":{"start":{"line":14,"column":21},"end":{"line":14,"column":26}},"loc":{"start":{"line":14,"column":41},"end":{"line":36,"column":1}},"line":14},"1":{"name":"(anonymous_1)","decl":{"start":{"line":43,"column":30},"end":{"line":43,"column":35}},"loc":{"start":{"line":43,"column":54},"end":{"line":51,"column":1}},"line":43},"2":{"name":"(anonymous_2)","decl":{"start":{"line":58,"column":40},"end":{"line":58,"column":45}},"loc":{"start":{"line":58,"column":60},"end":{"line":66,"column":1}},"line":58},"3":{"name":"(anonymous_3)","decl":{"start":{"line":73,"column":38},"end":{"line":73,"column":43}},"loc":{"start":{"line":73,"column":56},"end":{"line":81,"column":1}},"line":73},"4":{"name":"(anonymous_4)","decl":{"start":{"line":88,"column":41},"end":{"line":88,"column":46}},"loc":{"start":{"line":88,"column":62},"end":{"line":96,"column":1}},"line":88},"5":{"name":"(anonymous_5)","decl":{"start":{"line":104,"column":31},"end":{"line":104,"column":32}},"loc":{"start":{"line":104,"column":61},"end":{"line":116,"column":1}},"line":104},"6":{"name":"(anonymous_6)","decl":{"start":{"line":110,"column":4},"end":{"line":110,"column":5}},"loc":{"start":{"line":111,"column":6},"end":{"line":114,"column":null}},"line":111},"7":{"name":"(anonymous_7)","decl":{"start":{"line":122,"column":33},"end":{"line":122,"column":38}},"loc":{"start":{"line":122,"column":45},"end":{"line":131,"column":1}},"line":122}},"branchMap":{"0":{"loc":{"start":{"line":19,"column":24},"end":{"line":19,"column":null}},"type":"binary-expr","locations":[{"start":{"line":19,"column":24},"end":{"line":19,"column":31}},{"start":{"line":19,"column":35},"end":{"line":19,"column":null}}],"line":19},"1":{"loc":{"start":{"line":26,"column":4},"end":{"line":28,"column":null}},"type":"if","locations":[{"start":{"line":26,"column":4},"end":{"line":28,"column":null}},{"start":{},"end":{}}],"line":26},"2":{"loc":{"start":{"line":43,"column":37},"end":{"line":43,"column":49}},"type":"default-arg","locations":[{"start":{"line":43,"column":45},"end":{"line":43,"column":49}}],"line":43},"3":{"loc":{"start":{"line":105,"column":2},"end":{"line":105,"column":null}},"type":"if","locations":[{"start":{"line":105,"column":2},"end":{"line":105,"column":null}},{"start":{},"end":{}}],"line":105},"4":{"loc":{"start":{"line":105,"column":6},"end":{"line":105,"column":34}},"type":"binary-expr","locations":[{"start":{"line":105,"column":6},"end":{"line":105,"column":17}},{"start":{"line":105,"column":21},"end":{"line":105,"column":34}}],"line":105},"5":{"loc":{"start":{"line":105,"column":43},"end":{"line":105,"column":61}},"type":"binary-expr","locations":[{"start":{"line":105,"column":43},"end":{"line":105,"column":55}},{"start":{"line":105,"column":59},"end":{"line":105,"column":61}}],"line":105},"6":{"loc":{"start":{"line":111,"column":6},"end":{"line":114,"column":null}},"type":"binary-expr","locations":[{"start":{"line":111,"column":6},"end":{"line":111,"column":59}},{"start":{"line":112,"column":6},"end":{"line":112,"column":61}},{"start":{"line":113,"column":6},"end":{"line":113,"column":64}},{"start":{"line":114,"column":6},"end":{"line":114,"column":null}}],"line":111}},"s":{"0":1,"1":1,"2":1,"3":12,"4":12,"5":12,"6":7,"7":1,"8":6,"9":6,"10":6,"11":6,"12":1,"13":4,"14":4,"15":2,"16":2,"17":2,"18":1,"19":2,"20":2,"21":1,"22":1,"23":1,"24":1,"25":2,"26":2,"27":1,"28":1,"29":1,"30":1,"31":2,"32":2,"33":1,"34":1,"35":1,"36":1,"37":9,"38":3,"39":6,"40":6,"41":24,"42":1,"43":2,"44":2,"45":1,"46":1,"47":1},"f":{"0":12,"1":4,"2":2,"3":2,"4":2,"5":9,"6":24,"7":2},"b":{"0":[12,12],"1":[1,6],"2":[4],"3":[3,6],"4":[9,7],"5":[3,1],"6":[24,22,21,20]},"meta":{"lastBranch":7,"lastFunction":8,"lastStatement":48,"seen":{"s:6:24:6:59":0,"s:7:16:7:49":1,"s:14:21:36:1":2,"f:14:21:14:26":0,"s:15:18:21:3":3,"b:19:24:19:31:19:35:19:Infinity":0,"s:23:2:35:Infinity":4,"s:24:21:24:74":5,"b:26:4:28:Infinity:undefined:undefined:undefined:undefined":1,"s:26:4:28:Infinity":6,"s:27:6:27:Infinity":7,"s:30:17:30:38":8,"s:31:4:31:Infinity":9,"s:33:4:33:Infinity":10,"s:34:4:34:Infinity":11,"s:43:30:51:1":12,"f:43:30:43:35":1,"b:43:45:43:49":2,"s:44:2:50:Infinity":13,"s:45:17:45:64":14,"s:46:4:46:Infinity":15,"s:48:4:48:Infinity":16,"s:49:4:49:Infinity":17,"s:58:40:66:1":18,"f:58:40:58:45":2,"s:59:2:65:Infinity":19,"s:60:17:60:70":20,"s:61:4:61:Infinity":21,"s:63:4:63:Infinity":22,"s:64:4:64:Infinity":23,"s:73:38:81:1":24,"f:73:38:73:43":3,"s:74:2:80:Infinity":25,"s:75:17:75:66":26,"s:76:4:76:Infinity":27,"s:78:4:78:Infinity":28,"s:79:4:79:Infinity":29,"s:88:41:96:1":30,"f:88:41:88:46":4,"s:89:2:95:Infinity":31,"s:90:17:90:72":32,"s:91:4:91:Infinity":33,"s:93:4:93:Infinity":34,"s:94:4:94:Infinity":35,"s:104:31:116:1":36,"f:104:31:104:32":5,"b:105:2:105:Infinity:undefined:undefined:undefined:undefined":3,"s:105:2:105:Infinity":37,"b:105:6:105:17:105:21:105:34":4,"s:105:36:105:Infinity":38,"b:105:43:105:55:105:59:105:61":5,"s:107:26:107:50":39,"s:109:2:115:Infinity":40,"f:110:4:110:5":6,"s:111:6:114:Infinity":41,"b:111:6:111:59:112:6:112:61:113:6:113:64:114:6:114:Infinity":6,"s:122:33:131:1":42,"f:122:33:122:38":7,"s:123:2:130:Infinity":43,"s:124:17:124:62":44,"s:125:4:125:Infinity":45,"s:127:4:127:Infinity":46,"s:129:4:129:Infinity":47}}}
}
